<?xml version="1.0" encoding="UTF-8"?>
<!-- Generated by org.testng.reporters.JUnitReportReporter -->
<testsuite hostname="mano-PC" failures="0" tests="1" name="highlighelement.highlighelement.highlighelement" time="0.017" errors="0" timestamp="10 Aug 2019 14:01:25 GMT">
  <testcase classname="highlighelement.highlighelement.highlighelement" name="highlight" time="0.017"/>
</testsuite> <!-- highlighelement.highlighelement.highlighelement -->
